<?xml version="1.0" encoding="UTF-8"?>
<!-- Generated by org.testng.reporters.JUnitXMLReporter -->
<testsuite ignored="0" hostname="Gangulas-MacBook-Air.local" failures="0" tests="4" name="Surefire test" time="0.014" errors="0" timestamp="2024-07-16T10:39:28 IST">
  <testcase classname="qaclickacademy.Restapi" name="deleteTwitter" time="0.002"/>
  <testcase classname="qaclickacademy.Restapi" name="postJira" time="0.0"/>
  <testcase classname="qaclickacademy2.Restapi" name="deleteTwitter" time="0.0"/>
  <testcase classname="qaclickacademy2.Restapi" name="postJira" time="0.0"/>
</testsuite> <!-- Surefire test -->
