<?xml version="1.0" encoding="UTF-8"?>
<!-- Generated by org.testng.reporters.JUnitXMLReporter -->
<testsuite ignored="0" hostname="Gangulas-MacBook.local" failures="0" tests="8" name="Surefire test" time="0.017" errors="0" timestamp="2024-08-19T09:27:52 IST">
  <testcase classname="qaclickacademy.AppiumTest" name="AndroidApps" time="0.002"/>
  <testcase classname="qaclickacademy.AppiumTest" name="IOSApps" time="0.0"/>
  <testcase classname="qaclickacademy.SeleniumTest" name="BrowserAUtomation" time="0.0"/>
  <testcase classname="qaclickacademy.SeleniumTest" name="elementsUi" time="0.0"/>
  <testcase classname="qaclickacademy2.AppiumTest" name="AndroidApps" time="0.0"/>
  <testcase classname="qaclickacademy2.AppiumTest" name="IOSApps" time="0.0"/>
  <testcase classname="qaclickacademy2.SeleniumTest" name="BrowserAUtomation" time="0.0"/>
  <testcase classname="qaclickacademy2.SeleniumTest" name="elementsUi" time="0.0"/>
</testsuite> <!-- Surefire test -->
