<?xml version="1.0" encoding="UTF-8"?>
<!-- Generated by org.testng.reporters.JUnitXMLReporter -->
<testsuite ignored="0" hostname="Gangulas-MacBook-Air.local" failures="0" tests="6" name="Test" time="0.016" errors="0" timestamp="2024-07-16T10:40:26 IST">
  <testcase classname="qaclickacademy.SeleniumTest" name="BrowserAUtomation" time="0.002"/>
  <testcase classname="qaclickacademy.SeleniumTest" name="elementsUi" time="0.0"/>
  <testcase classname="qaclickacademy.Restapi" name="deleteTwitter" time="0.0"/>
  <testcase classname="qaclickacademy.Restapi" name="postJira" time="0.0"/>
  <testcase classname="qaclickacademy.AppiumTest" name="AndroidApps" time="0.0"/>
  <testcase classname="qaclickacademy.AppiumTest" name="IOSApps" time="0.0"/>
</testsuite> <!-- Test -->
