<?xml version="1.0" encoding="UTF-8"?>
<testng-results ignored="0" total="4" passed="4" failed="0" skipped="0">
  <reporter-output>
  </reporter-output>
  <suite started-at="2024-08-19T09:33:44 IST" name="Suite" finished-at="2024-08-19T09:33:44 IST" duration-ms="15">
    <groups>
    </groups>
    <test started-at="2024-08-19T09:33:44 IST" name="Test" finished-at="2024-08-19T09:33:44 IST" duration-ms="15">
      <class name="qaclickacademy.Restapi">
        <test-method signature="deleteTwitter()[pri:0, instance:qaclickacademy.Restapi@222114ba]" started-at="2024-08-19T09:33:44 IST" name="deleteTwitter" finished-at="2024-08-19T09:33:44 IST" duration-ms="0" status="PASS">
          <reporter-output>
          </reporter-output>
        </test-method> <!-- deleteTwitter -->
        <test-method signature="postJira()[pri:0, instance:qaclickacademy.Restapi@222114ba]" started-at="2024-08-19T09:33:44 IST" name="postJira" finished-at="2024-08-19T09:33:44 IST" duration-ms="0" status="PASS">
          <reporter-output>
          </reporter-output>
        </test-method> <!-- postJira -->
      </class> <!-- qaclickacademy.Restapi -->
      <class name="qaclickacademy.SeleniumTest">
        <test-method signature="BrowserAUtomation()[pri:0, instance:qaclickacademy.SeleniumTest@5db250b4]" started-at="2024-08-19T09:33:44 IST" name="BrowserAUtomation" finished-at="2024-08-19T09:33:44 IST" duration-ms="1" status="PASS">
          <reporter-output>
          </reporter-output>
        </test-method> <!-- BrowserAUtomation -->
        <test-method signature="elementsUi()[pri:0, instance:qaclickacademy.SeleniumTest@5db250b4]" started-at="2024-08-19T09:33:44 IST" name="elementsUi" finished-at="2024-08-19T09:33:44 IST" duration-ms="0" status="PASS">
          <reporter-output>
          </reporter-output>
        </test-method> <!-- elementsUi -->
      </class> <!-- qaclickacademy.SeleniumTest -->
    </test> <!-- Test -->
  </suite> <!-- Suite -->
</testng-results>
