<?xml version="1.0" encoding="UTF-8"?>
<!-- Generated by org.testng.reporters.JUnitXMLReporter -->
<testsuite ignored="0" hostname="Gangulas-MacBook.local" failures="0" tests="6" name="Test" time="0.003" errors="0" timestamp="2024-08-19T09:33:22 IST">
  <testcase classname="qaclickacademy.SeleniumTest" name="BrowserAUtomation" time="0.0"/>
  <testcase classname="qaclickacademy.SeleniumTest" name="elementsUi" time="0.0"/>
  <testcase classname="qaclickacademy.Restapi" name="deleteTwitter" time="0.001"/>
  <testcase classname="qaclickacademy.Restapi" name="postJira" time="0.0"/>
  <testcase classname="qaclickacademy.AppiumTest" name="AndroidApps" time="0.0"/>
  <testcase classname="qaclickacademy.AppiumTest" name="IOSApps" time="0.0"/>
</testsuite> <!-- Test -->
